{
  "stats": {
    "suites": 12,
    "tests": 41,
    "passes": 1,
    "pending": 0,
    "failures": 40,
    "start": "2022-07-04T17:55:29.153Z",
    "end": "2022-07-04T17:58:20.642Z",
    "duration": 171489,
    "testsRegistered": 41,
    "passPercent": 2.4390243902439024,
    "pendingPercent": 0,
    "other": 0,
    "hasOther": false,
    "skipped": 0,
    "hasSkipped": false
  },
  "results": [
    {
      "uuid": "2a8cb67b-fcdd-45c3-a810-3a0fcbaa61ec",
      "title": "",
      "fullFile": "cypress/integration/project.spec.js",
      "file": "cypress/integration/project.spec.js",
      "beforeHooks": [],
      "afterHooks": [],
      "tests": [],
      "suites": [
        {
          "uuid": "50deb96e-90e3-448d-b532-3a3edd13b908",
          "title": "1 - Adicione à página o título \"Paleta de Cores\".",
          "fullFile": "",
          "file": "",
          "beforeHooks": [],
          "afterHooks": [],
          "tests": [
            {
              "title": "Verifica se contém um elemento `h1` com o id `title` com o título correto",
              "fullTitle": "1 - Adicione à página o título \"Paleta de Cores\". Verifica se contém um elemento `h1` com o id `title` com o título correto",
              "timedOut": null,
              "duration": 138,
              "state": "passed",
              "speed": "slow",
              "pass": true,
              "fail": false,
              "pending": false,
              "context": null,
              "code": "cy.get('h1#title').should('contain.text', 'Paleta de Cores');",
              "err": {},
              "uuid": "34e7f670-8b60-4752-b949-820d80936ae8",
              "parentUUID": "50deb96e-90e3-448d-b532-3a3edd13b908",
              "isHook": false,
              "skipped": false
            }
          ],
          "suites": [],
          "passes": [
            "34e7f670-8b60-4752-b949-820d80936ae8"
          ],
          "failures": [],
          "pending": [],
          "skipped": [],
          "duration": 138,
          "root": false,
          "rootEmpty": false,
          "_timeout": 2000
        },
        {
          "uuid": "f11fc355-a9b2-44b0-bdb1-2850322970ae",
          "title": "2 - Adicione à página uma paleta de quatro cores distintas.",
          "fullFile": "",
          "file": "",
          "beforeHooks": [],
          "afterHooks": [],
          "tests": [
            {
              "title": "A paleta de cores deve ser um elemento com `id` denominado `color-palette` e ter mais de 0px de altura e de largura.",
              "fullTitle": "2 - Adicione à página uma paleta de quatro cores distintas. A paleta de cores deve ser um elemento com `id` denominado `color-palette` e ter mais de 0px de altura e de largura.",
              "timedOut": null,
              "duration": 4219,
              "state": "failed",
              "speed": null,
              "pass": false,
              "fail": true,
              "pending": false,
              "context": null,
              "code": "cy.get('#color-palette').should('be.visible');\ncy.get('#color-palette').children('.color');",
              "err": {
                "message": "CypressError: Timed out retrying: Expected to find element: '#color-palette', but never found it.",
                "estack": "CypressError: Timed out retrying: Expected to find element: '#color-palette', but never found it.\n    at cypressErr (http://localhost:38103/__cypress/runner/cypress_runner.js:149934:9)\n    at throwErr (http://localhost:38103/__cypress/runner/cypress_runner.js:149867:11)\n    at Object.throwErrByPath (http://localhost:38103/__cypress/runner/cypress_runner.js:149915:3)\n    at retry (http://localhost:38103/__cypress/runner/cypress_runner.js:144197:19)\n    at onFailFn (http://localhost:38103/__cypress/runner/cypress_runner.js:132448:16)\n    at tryCatcher (http://localhost:38103/__cypress/runner/cypress_runner.js:167415:23)\n    at Promise._settlePromiseFromHandler (http://localhost:38103/__cypress/runner/cypress_runner.js:165351:31)\n    at Promise._settlePromise (http://localhost:38103/__cypress/runner/cypress_runner.js:165408:18)\n    at Promise._settlePromise0 (http://localhost:38103/__cypress/runner/cypress_runner.js:165453:10)\n    at Promise._settlePromises (http://localhost:38103/__cypress/runner/cypress_runner.js:165528:18)\n    at Async../node_modules/bluebird/js/release/async.js.Async._drainQueue (http://localhost:38103/__cypress/runner/cypress_runner.js:162140:16)\n    at Async../node_modules/bluebird/js/release/async.js.Async._drainQueues (http://localhost:38103/__cypress/runner/cypress_runner.js:162150:10)\n    at Async.drainQueues (http://localhost:38103/__cypress/runner/cypress_runner.js:162024:14)",
                "diff": null
              },
              "uuid": "e6aff860-8fe2-4399-a254-76b758eda8b0",
              "parentUUID": "f11fc355-a9b2-44b0-bdb1-2850322970ae",
              "isHook": false,
              "skipped": false
            },
            {
              "title": "Verifica se cada cor individual da paleta de cores possui a `classe` chamada `color`.",
              "fullTitle": "2 - Adicione à página uma paleta de quatro cores distintas. Verifica se cada cor individual da paleta de cores possui a `classe` chamada `color`.",
              "timedOut": null,
              "duration": 4262,
              "state": "failed",
              "speed": null,
              "pass": false,
              "fail": true,
              "pending": false,
              "context": null,
              "code": "cy.get('.color').should('have.length', 4).then(function (colors) {\n  for (var i = 0; i < colors.length; i++) {\n    cy.wrap(colors[i]).should('be.visible');\n  }\n});",
              "err": {
                "message": "CypressError: Timed out retrying: Expected to find element: '.color', but never found it.",
                "estack": "CypressError: Timed out retrying: Expected to find element: '.color', but never found it.\n    at cypressErr (http://localhost:38103/__cypress/runner/cypress_runner.js:149934:9)\n    at throwErr (http://localhost:38103/__cypress/runner/cypress_runner.js:149867:11)\n    at Object.throwErrByPath (http://localhost:38103/__cypress/runner/cypress_runner.js:149915:3)\n    at retry (http://localhost:38103/__cypress/runner/cypress_runner.js:144197:19)\n    at onFailFn (http://localhost:38103/__cypress/runner/cypress_runner.js:132448:16)\n    at tryCatcher (http://localhost:38103/__cypress/runner/cypress_runner.js:167415:23)\n    at Promise._settlePromiseFromHandler (http://localhost:38103/__cypress/runner/cypress_runner.js:165351:31)\n    at Promise._settlePromise (http://localhost:38103/__cypress/runner/cypress_runner.js:165408:18)\n    at Promise._settlePromise0 (http://localhost:38103/__cypress/runner/cypress_runner.js:165453:10)\n    at Promise._settlePromises (http://localhost:38103/__cypress/runner/cypress_runner.js:165528:18)\n    at Async../node_modules/bluebird/js/release/async.js.Async._drainQueue (http://localhost:38103/__cypress/runner/cypress_runner.js:162140:16)\n    at Async../node_modules/bluebird/js/release/async.js.Async._drainQueues (http://localhost:38103/__cypress/runner/cypress_runner.js:162150:10)\n    at Async.drainQueues (http://localhost:38103/__cypress/runner/cypress_runner.js:162024:14)",
                "diff": null
              },
              "uuid": "b6e44240-ec01-447f-8492-b02d8318c387",
              "parentUUID": "f11fc355-a9b2-44b0-bdb1-2850322970ae",
              "isHook": false,
              "skipped": false
            },
            {
              "title": "Verifica se a cor de fundo de cada elemento da paleta é a cor que o elemento representa. **A única cor não permitida na paleta é a cor branca.**",
              "fullTitle": "2 - Adicione à página uma paleta de quatro cores distintas. Verifica se a cor de fundo de cada elemento da paleta é a cor que o elemento representa. **A única cor não permitida na paleta é a cor branca.**",
              "timedOut": null,
              "duration": 4235,
              "state": "failed",
              "speed": null,
              "pass": false,
              "fail": true,
              "pending": false,
              "context": null,
              "code": "cy.get('.color').each(function (color) {\n  cy.wrap(color).should('have.class', 'color').and('not.have.css', 'background-color', WHITE);\n  cy.wrap(color).should('have.css', 'background-color');\n});",
              "err": {
                "message": "CypressError: Timed out retrying: Expected to find element: '.color', but never found it.",
                "estack": "CypressError: Timed out retrying: Expected to find element: '.color', but never found it.\n    at cypressErr (http://localhost:38103/__cypress/runner/cypress_runner.js:149934:9)\n    at throwErr (http://localhost:38103/__cypress/runner/cypress_runner.js:149867:11)\n    at Object.throwErrByPath (http://localhost:38103/__cypress/runner/cypress_runner.js:149915:3)\n    at retry (http://localhost:38103/__cypress/runner/cypress_runner.js:144197:19)\n    at onFailFn (http://localhost:38103/__cypress/runner/cypress_runner.js:132448:16)\n    at tryCatcher (http://localhost:38103/__cypress/runner/cypress_runner.js:167415:23)\n    at Promise._settlePromiseFromHandler (http://localhost:38103/__cypress/runner/cypress_runner.js:165351:31)\n    at Promise._settlePromise (http://localhost:38103/__cypress/runner/cypress_runner.js:165408:18)\n    at Promise._settlePromise0 (http://localhost:38103/__cypress/runner/cypress_runner.js:165453:10)\n    at Promise._settlePromises (http://localhost:38103/__cypress/runner/cypress_runner.js:165528:18)\n    at Async../node_modules/bluebird/js/release/async.js.Async._drainQueue (http://localhost:38103/__cypress/runner/cypress_runner.js:162140:16)\n    at Async../node_modules/bluebird/js/release/async.js.Async._drainQueues (http://localhost:38103/__cypress/runner/cypress_runner.js:162150:10)\n    at Async.drainQueues (http://localhost:38103/__cypress/runner/cypress_runner.js:162024:14)",
                "diff": null
              },
              "uuid": "a09a29ad-9e85-4acd-82b2-c917d130c6bc",
              "parentUUID": "f11fc355-a9b2-44b0-bdb1-2850322970ae",
              "isHook": false,
              "skipped": false
            },
            {
              "title": "Verifica se cada elemento da paleta de cores tem uma borda preta, sólida e com 1 pixel de largura;",
              "fullTitle": "2 - Adicione à página uma paleta de quatro cores distintas. Verifica se cada elemento da paleta de cores tem uma borda preta, sólida e com 1 pixel de largura;",
              "timedOut": null,
              "duration": 4216,
              "state": "failed",
              "speed": null,
              "pass": false,
              "fail": true,
              "pending": false,
              "context": null,
              "code": "cy.get('.color').each(function (color) {\n  cy.wrap(color).and('have.css', 'border', \"1px solid \".concat(BLACK)).and('have.class', 'color');\n});",
              "err": {
                "message": "CypressError: Timed out retrying: Expected to find element: '.color', but never found it.",
                "estack": "CypressError: Timed out retrying: Expected to find element: '.color', but never found it.\n    at cypressErr (http://localhost:38103/__cypress/runner/cypress_runner.js:149934:9)\n    at throwErr (http://localhost:38103/__cypress/runner/cypress_runner.js:149867:11)\n    at Object.throwErrByPath (http://localhost:38103/__cypress/runner/cypress_runner.js:149915:3)\n    at retry (http://localhost:38103/__cypress/runner/cypress_runner.js:144197:19)\n    at onFailFn (http://localhost:38103/__cypress/runner/cypress_runner.js:132448:16)\n    at tryCatcher (http://localhost:38103/__cypress/runner/cypress_runner.js:167415:23)\n    at Promise._settlePromiseFromHandler (http://localhost:38103/__cypress/runner/cypress_runner.js:165351:31)\n    at Promise._settlePromise (http://localhost:38103/__cypress/runner/cypress_runner.js:165408:18)\n    at Promise._settlePromise0 (http://localhost:38103/__cypress/runner/cypress_runner.js:165453:10)\n    at Promise._settlePromises (http://localhost:38103/__cypress/runner/cypress_runner.js:165528:18)\n    at Async../node_modules/bluebird/js/release/async.js.Async._drainQueue (http://localhost:38103/__cypress/runner/cypress_runner.js:162140:16)\n    at Async../node_modules/bluebird/js/release/async.js.Async._drainQueues (http://localhost:38103/__cypress/runner/cypress_runner.js:162150:10)\n    at Async.drainQueues (http://localhost:38103/__cypress/runner/cypress_runner.js:162024:14)",
                "diff": null
              },
              "uuid": "7196a9f5-920b-4c87-a716-b033221d8e92",
              "parentUUID": "f11fc355-a9b2-44b0-bdb1-2850322970ae",
              "isHook": false,
              "skipped": false
            },
            {
              "title": "Verifica se a paleta lista todas as cores disponíveis para utilização, lado a lado.",
              "fullTitle": "2 - Adicione à página uma paleta de quatro cores distintas. Verifica se a paleta lista todas as cores disponíveis para utilização, lado a lado.",
              "timedOut": null,
              "duration": 4251,
              "state": "failed",
              "speed": null,
              "pass": false,
              "fail": true,
              "pending": false,
              "context": null,
              "code": "cy.get('.color').then(function (colors) {\n  for (var index = 1; index < colors.length; index += 1) {\n    var currentColor = colors[index];\n    var previousColor = colors[index - 1];\n    cy.wrap(currentColor).should('be.onTheRightOf', previousColor).and('be.horizontallyAlignedWith', previousColor);\n  }\n});",
              "err": {
                "message": "CypressError: Timed out retrying: Expected to find element: '.color', but never found it.",
                "estack": "CypressError: Timed out retrying: Expected to find element: '.color', but never found it.\n    at cypressErr (http://localhost:38103/__cypress/runner/cypress_runner.js:149934:9)\n    at throwErr (http://localhost:38103/__cypress/runner/cypress_runner.js:149867:11)\n    at Object.throwErrByPath (http://localhost:38103/__cypress/runner/cypress_runner.js:149915:3)\n    at retry (http://localhost:38103/__cypress/runner/cypress_runner.js:144197:19)\n    at onFailFn (http://localhost:38103/__cypress/runner/cypress_runner.js:132448:16)\n    at tryCatcher (http://localhost:38103/__cypress/runner/cypress_runner.js:167415:23)\n    at Promise._settlePromiseFromHandler (http://localhost:38103/__cypress/runner/cypress_runner.js:165351:31)\n    at Promise._settlePromise (http://localhost:38103/__cypress/runner/cypress_runner.js:165408:18)\n    at Promise._settlePromise0 (http://localhost:38103/__cypress/runner/cypress_runner.js:165453:10)\n    at Promise._settlePromises (http://localhost:38103/__cypress/runner/cypress_runner.js:165528:18)\n    at Async../node_modules/bluebird/js/release/async.js.Async._drainQueue (http://localhost:38103/__cypress/runner/cypress_runner.js:162140:16)\n    at Async../node_modules/bluebird/js/release/async.js.Async._drainQueues (http://localhost:38103/__cypress/runner/cypress_runner.js:162150:10)\n    at Async.drainQueues (http://localhost:38103/__cypress/runner/cypress_runner.js:162024:14)",
                "diff": null
              },
              "uuid": "9559b831-99bd-4762-b506-15dca0c17e86",
              "parentUUID": "f11fc355-a9b2-44b0-bdb1-2850322970ae",
              "isHook": false,
              "skipped": false
            },
            {
              "title": "Verifica se a paleta de cores está posicionada abaixo do título 'Paleta de Cores'",
              "fullTitle": "2 - Adicione à página uma paleta de quatro cores distintas. Verifica se a paleta de cores está posicionada abaixo do título 'Paleta de Cores'",
              "timedOut": null,
              "duration": 4266,
              "state": "failed",
              "speed": null,
              "pass": false,
              "fail": true,
              "pending": false,
              "context": null,
              "code": "cy.get('h1#title').then(function (title) {\n  cy.get('#color-palette').should('be.belowOf', title);\n});",
              "err": {
                "message": "CypressError: Timed out retrying: Expected to find element: '#color-palette', but never found it.",
                "estack": "CypressError: Timed out retrying: Expected to find element: '#color-palette', but never found it.\n    at cypressErr (http://localhost:38103/__cypress/runner/cypress_runner.js:149934:9)\n    at throwErr (http://localhost:38103/__cypress/runner/cypress_runner.js:149867:11)\n    at Object.throwErrByPath (http://localhost:38103/__cypress/runner/cypress_runner.js:149915:3)\n    at retry (http://localhost:38103/__cypress/runner/cypress_runner.js:144197:19)\n    at onFailFn (http://localhost:38103/__cypress/runner/cypress_runner.js:132448:16)\n    at tryCatcher (http://localhost:38103/__cypress/runner/cypress_runner.js:167415:23)\n    at Promise._settlePromiseFromHandler (http://localhost:38103/__cypress/runner/cypress_runner.js:165351:31)\n    at Promise._settlePromise (http://localhost:38103/__cypress/runner/cypress_runner.js:165408:18)\n    at Promise._settlePromise0 (http://localhost:38103/__cypress/runner/cypress_runner.js:165453:10)\n    at Promise._settlePromises (http://localhost:38103/__cypress/runner/cypress_runner.js:165528:18)\n    at Async../node_modules/bluebird/js/release/async.js.Async._drainQueue (http://localhost:38103/__cypress/runner/cypress_runner.js:162140:16)\n    at Async../node_modules/bluebird/js/release/async.js.Async._drainQueues (http://localhost:38103/__cypress/runner/cypress_runner.js:162150:10)\n    at Async.drainQueues (http://localhost:38103/__cypress/runner/cypress_runner.js:162024:14)",
                "diff": null
              },
              "uuid": "4627e7d5-f676-474f-a0a5-c380f9dbfcf7",
              "parentUUID": "f11fc355-a9b2-44b0-bdb1-2850322970ae",
              "isHook": false,
              "skipped": false
            },
            {
              "title": "Verifica se a paleta de cores não contém cores repetidas.",
              "fullTitle": "2 - Adicione à página uma paleta de quatro cores distintas. Verifica se a paleta de cores não contém cores repetidas.",
              "timedOut": null,
              "duration": 4267,
              "state": "failed",
              "speed": null,
              "pass": false,
              "fail": true,
              "pending": false,
              "context": null,
              "code": "cy.get('.color').then(function (colors) {\n  var allColors = Array.from(colors).map(function (color) {\n    return Cypress.$(color).css('background-color');\n  });\n  cy.log(allColors);\n  var uniqColors = (0, _toConsumableArray2[\"default\"])(new Set(allColors));\n  cy.log(uniqColors);\n  expect(allColors.length).to.eq(uniqColors.length);\n});",
              "err": {
                "message": "CypressError: Timed out retrying: Expected to find element: '.color', but never found it.",
                "estack": "CypressError: Timed out retrying: Expected to find element: '.color', but never found it.\n    at cypressErr (http://localhost:38103/__cypress/runner/cypress_runner.js:149934:9)\n    at throwErr (http://localhost:38103/__cypress/runner/cypress_runner.js:149867:11)\n    at Object.throwErrByPath (http://localhost:38103/__cypress/runner/cypress_runner.js:149915:3)\n    at retry (http://localhost:38103/__cypress/runner/cypress_runner.js:144197:19)\n    at onFailFn (http://localhost:38103/__cypress/runner/cypress_runner.js:132448:16)\n    at tryCatcher (http://localhost:38103/__cypress/runner/cypress_runner.js:167415:23)\n    at Promise._settlePromiseFromHandler (http://localhost:38103/__cypress/runner/cypress_runner.js:165351:31)\n    at Promise._settlePromise (http://localhost:38103/__cypress/runner/cypress_runner.js:165408:18)\n    at Promise._settlePromise0 (http://localhost:38103/__cypress/runner/cypress_runner.js:165453:10)\n    at Promise._settlePromises (http://localhost:38103/__cypress/runner/cypress_runner.js:165528:18)\n    at Async../node_modules/bluebird/js/release/async.js.Async._drainQueue (http://localhost:38103/__cypress/runner/cypress_runner.js:162140:16)\n    at Async../node_modules/bluebird/js/release/async.js.Async._drainQueues (http://localhost:38103/__cypress/runner/cypress_runner.js:162150:10)\n    at Async.drainQueues (http://localhost:38103/__cypress/runner/cypress_runner.js:162024:14)",
                "diff": null
              },
              "uuid": "aec21d91-3887-4d2f-b647-b38bdf24e188",
              "parentUUID": "f11fc355-a9b2-44b0-bdb1-2850322970ae",
              "isHook": false,
              "skipped": false
            }
          ],
          "suites": [],
          "passes": [],
          "failures": [
            "e6aff860-8fe2-4399-a254-76b758eda8b0",
            "b6e44240-ec01-447f-8492-b02d8318c387",
            "a09a29ad-9e85-4acd-82b2-c917d130c6bc",
            "7196a9f5-920b-4c87-a716-b033221d8e92",
            "9559b831-99bd-4762-b506-15dca0c17e86",
            "4627e7d5-f676-474f-a0a5-c380f9dbfcf7",
            "aec21d91-3887-4d2f-b647-b38bdf24e188"
          ],
          "pending": [],
          "skipped": [],
          "duration": 29716,
          "root": false,
          "rootEmpty": false,
          "_timeout": 2000
        },
        {
          "uuid": "b0b2225d-91aa-4b04-b12c-757d40d3cca6",
          "title": "3 - Adicione a cor **preta** como a primeira cor da paleta de cores.",
          "fullFile": "",
          "file": "",
          "beforeHooks": [],
          "afterHooks": [],
          "tests": [
            {
              "title": "Verifica se a primeira cor da paleta é preta",
              "fullTitle": "3 - Adicione a cor **preta** como a primeira cor da paleta de cores. Verifica se a primeira cor da paleta é preta",
              "timedOut": null,
              "duration": 4237,
              "state": "failed",
              "speed": null,
              "pass": false,
              "fail": true,
              "pending": false,
              "context": null,
              "code": "cy.get('.color').first().should('have.css', 'background-color', BLACK);",
              "err": {
                "message": "CypressError: Timed out retrying: Expected to find element: '.color', but never found it.",
                "estack": "CypressError: Timed out retrying: Expected to find element: '.color', but never found it.\n    at cypressErr (http://localhost:38103/__cypress/runner/cypress_runner.js:149934:9)\n    at throwErr (http://localhost:38103/__cypress/runner/cypress_runner.js:149867:11)\n    at Object.throwErrByPath (http://localhost:38103/__cypress/runner/cypress_runner.js:149915:3)\n    at retry (http://localhost:38103/__cypress/runner/cypress_runner.js:144197:19)\n    at onFailFn (http://localhost:38103/__cypress/runner/cypress_runner.js:132448:16)\n    at tryCatcher (http://localhost:38103/__cypress/runner/cypress_runner.js:167415:23)\n    at Promise._settlePromiseFromHandler (http://localhost:38103/__cypress/runner/cypress_runner.js:165351:31)\n    at Promise._settlePromise (http://localhost:38103/__cypress/runner/cypress_runner.js:165408:18)\n    at Promise._settlePromise0 (http://localhost:38103/__cypress/runner/cypress_runner.js:165453:10)\n    at Promise._settlePromises (http://localhost:38103/__cypress/runner/cypress_runner.js:165528:18)\n    at Async../node_modules/bluebird/js/release/async.js.Async._drainQueue (http://localhost:38103/__cypress/runner/cypress_runner.js:162140:16)\n    at Async../node_modules/bluebird/js/release/async.js.Async._drainQueues (http://localhost:38103/__cypress/runner/cypress_runner.js:162150:10)\n    at Async.drainQueues (http://localhost:38103/__cypress/runner/cypress_runner.js:162024:14)",
                "diff": null
              },
              "uuid": "bad76d0d-8004-46c6-a900-8fa35c96e7ec",
              "parentUUID": "b0b2225d-91aa-4b04-b12c-757d40d3cca6",
              "isHook": false,
              "skipped": false
            },
            {
              "title": "Verifica se as demais cores podem ser escolhidas livremente.",
              "fullTitle": "3 - Adicione a cor **preta** como a primeira cor da paleta de cores. Verifica se as demais cores podem ser escolhidas livremente.",
              "timedOut": null,
              "duration": 4233,
              "state": "failed",
              "speed": null,
              "pass": false,
              "fail": true,
              "pending": false,
              "context": null,
              "code": "cy.get('.color').eq(1).should('not.have.css', 'background-color', BLACK);\ncy.get('.color').eq(1).should('not.have.css', 'background-color', WHITE);\ncy.get('.color').eq(1).should('not.have.css', 'background-color', 'rgba(0, 0, 0, 0)');\ncy.get('.color').eq(1).should('have.css', 'background-color');\ncy.get('.color').eq(2).should('not.have.css', 'background-color', BLACK);\ncy.get('.color').eq(2).should('not.have.css', 'background-color', WHITE);\ncy.get('.color').eq(2).should('not.have.css', 'background-color', 'rgba(0, 0, 0, 0)');\ncy.get('.color').eq(2).should('have.css', 'background-color');\ncy.get('.color').eq(3).should('not.have.css', 'background-color', BLACK);\ncy.get('.color').eq(3).should('not.have.css', 'background-color', WHITE);\ncy.get('.color').eq(3).should('not.have.css', 'background-color', 'rgba(0, 0, 0, 0)');\ncy.get('.color').eq(3).should('have.css', 'background-color');",
              "err": {
                "message": "CypressError: Timed out retrying: Expected to find element: '.color', but never found it.",
                "estack": "CypressError: Timed out retrying: Expected to find element: '.color', but never found it.\n    at cypressErr (http://localhost:38103/__cypress/runner/cypress_runner.js:149934:9)\n    at throwErr (http://localhost:38103/__cypress/runner/cypress_runner.js:149867:11)\n    at Object.throwErrByPath (http://localhost:38103/__cypress/runner/cypress_runner.js:149915:3)\n    at retry (http://localhost:38103/__cypress/runner/cypress_runner.js:144197:19)\n    at onFailFn (http://localhost:38103/__cypress/runner/cypress_runner.js:132448:16)\n    at tryCatcher (http://localhost:38103/__cypress/runner/cypress_runner.js:167415:23)\n    at Promise._settlePromiseFromHandler (http://localhost:38103/__cypress/runner/cypress_runner.js:165351:31)\n    at Promise._settlePromise (http://localhost:38103/__cypress/runner/cypress_runner.js:165408:18)\n    at Promise._settlePromise0 (http://localhost:38103/__cypress/runner/cypress_runner.js:165453:10)\n    at Promise._settlePromises (http://localhost:38103/__cypress/runner/cypress_runner.js:165528:18)\n    at Async../node_modules/bluebird/js/release/async.js.Async._drainQueue (http://localhost:38103/__cypress/runner/cypress_runner.js:162140:16)\n    at Async../node_modules/bluebird/js/release/async.js.Async._drainQueues (http://localhost:38103/__cypress/runner/cypress_runner.js:162150:10)\n    at Async.drainQueues (http://localhost:38103/__cypress/runner/cypress_runner.js:162024:14)",
                "diff": null
              },
              "uuid": "1b630187-4fb0-496d-b333-5f45f5b7795e",
              "parentUUID": "b0b2225d-91aa-4b04-b12c-757d40d3cca6",
              "isHook": false,
              "skipped": false
            }
          ],
          "suites": [],
          "passes": [],
          "failures": [
            "bad76d0d-8004-46c6-a900-8fa35c96e7ec",
            "1b630187-4fb0-496d-b333-5f45f5b7795e"
          ],
          "pending": [],
          "skipped": [],
          "duration": 8470,
          "root": false,
          "rootEmpty": false,
          "_timeout": 2000
        },
        {
          "uuid": "0ab89ca3-8d32-4c08-b328-ce1cfcf8ae80",
          "title": "4 - Adicione à página um quadro de pixels, com 25 pixels.",
          "fullFile": "",
          "file": "",
          "beforeHooks": [],
          "afterHooks": [],
          "tests": [
            {
              "title": "Verifica se o quadro de pixels possui o `id` denominado `pixel-board`",
              "fullTitle": "4 - Adicione à página um quadro de pixels, com 25 pixels. Verifica se o quadro de pixels possui o `id` denominado `pixel-board`",
              "timedOut": null,
              "duration": 4278,
              "state": "failed",
              "speed": null,
              "pass": false,
              "fail": true,
              "pending": false,
              "context": null,
              "code": "cy.get('#pixel-board').should('be.visible');",
              "err": {
                "message": "CypressError: Timed out retrying: Expected to find element: '#pixel-board', but never found it.",
                "estack": "CypressError: Timed out retrying: Expected to find element: '#pixel-board', but never found it.\n    at cypressErr (http://localhost:38103/__cypress/runner/cypress_runner.js:149934:9)\n    at throwErr (http://localhost:38103/__cypress/runner/cypress_runner.js:149867:11)\n    at Object.throwErrByPath (http://localhost:38103/__cypress/runner/cypress_runner.js:149915:3)\n    at retry (http://localhost:38103/__cypress/runner/cypress_runner.js:144197:19)\n    at onFailFn (http://localhost:38103/__cypress/runner/cypress_runner.js:132448:16)\n    at tryCatcher (http://localhost:38103/__cypress/runner/cypress_runner.js:167415:23)\n    at Promise._settlePromiseFromHandler (http://localhost:38103/__cypress/runner/cypress_runner.js:165351:31)\n    at Promise._settlePromise (http://localhost:38103/__cypress/runner/cypress_runner.js:165408:18)\n    at Promise._settlePromise0 (http://localhost:38103/__cypress/runner/cypress_runner.js:165453:10)\n    at Promise._settlePromises (http://localhost:38103/__cypress/runner/cypress_runner.js:165528:18)\n    at Async../node_modules/bluebird/js/release/async.js.Async._drainQueue (http://localhost:38103/__cypress/runner/cypress_runner.js:162140:16)\n    at Async../node_modules/bluebird/js/release/async.js.Async._drainQueues (http://localhost:38103/__cypress/runner/cypress_runner.js:162150:10)\n    at Async.drainQueues (http://localhost:38103/__cypress/runner/cypress_runner.js:162024:14)",
                "diff": null
              },
              "uuid": "3b75dd5f-8663-452c-a617-5dcb7b176e17",
              "parentUUID": "0ab89ca3-8d32-4c08-b328-ce1cfcf8ae80",
              "isHook": false,
              "skipped": false
            },
            {
              "title": "Verifica se cada pixel individual dentro do quadro possui a `classe` denominada `pixel`.",
              "fullTitle": "4 - Adicione à página um quadro de pixels, com 25 pixels. Verifica se cada pixel individual dentro do quadro possui a `classe` denominada `pixel`.",
              "timedOut": null,
              "duration": 4256,
              "state": "failed",
              "speed": null,
              "pass": false,
              "fail": true,
              "pending": false,
              "context": null,
              "code": "cy.get('.pixel').should('have.length', 25);",
              "err": {
                "message": "CypressError: Timed out retrying: Expected to find element: '.pixel', but never found it.",
                "estack": "CypressError: Timed out retrying: Expected to find element: '.pixel', but never found it.\n    at cypressErr (http://localhost:38103/__cypress/runner/cypress_runner.js:149934:9)\n    at throwErr (http://localhost:38103/__cypress/runner/cypress_runner.js:149867:11)\n    at Object.throwErrByPath (http://localhost:38103/__cypress/runner/cypress_runner.js:149915:3)\n    at retry (http://localhost:38103/__cypress/runner/cypress_runner.js:144197:19)\n    at onFailFn (http://localhost:38103/__cypress/runner/cypress_runner.js:132448:16)\n    at tryCatcher (http://localhost:38103/__cypress/runner/cypress_runner.js:167415:23)\n    at Promise._settlePromiseFromHandler (http://localhost:38103/__cypress/runner/cypress_runner.js:165351:31)\n    at Promise._settlePromise (http://localhost:38103/__cypress/runner/cypress_runner.js:165408:18)\n    at Promise._settlePromise0 (http://localhost:38103/__cypress/runner/cypress_runner.js:165453:10)\n    at Promise._settlePromises (http://localhost:38103/__cypress/runner/cypress_runner.js:165528:18)\n    at Async../node_modules/bluebird/js/release/async.js.Async._drainQueue (http://localhost:38103/__cypress/runner/cypress_runner.js:162140:16)\n    at Async../node_modules/bluebird/js/release/async.js.Async._drainQueues (http://localhost:38103/__cypress/runner/cypress_runner.js:162150:10)\n    at Async.drainQueues (http://localhost:38103/__cypress/runner/cypress_runner.js:162024:14)",
                "diff": null
              },
              "uuid": "3f3d4846-015c-4e5e-ba4a-408644ed337c",
              "parentUUID": "0ab89ca3-8d32-4c08-b328-ce1cfcf8ae80",
              "isHook": false,
              "skipped": false
            },
            {
              "title": "Verifica se a cor inicial dos pixels dentro do quadro, ao abrir a página, é branca.",
              "fullTitle": "4 - Adicione à página um quadro de pixels, com 25 pixels. Verifica se a cor inicial dos pixels dentro do quadro, ao abrir a página, é branca.",
              "timedOut": null,
              "duration": 4224,
              "state": "failed",
              "speed": null,
              "pass": false,
              "fail": true,
              "pending": false,
              "context": null,
              "code": "cy.get('.pixel').should('have.length', 25).each(function (pixel) {\n  expect(pixel).to.have.css('background-color', WHITE);\n});",
              "err": {
                "message": "CypressError: Timed out retrying: Expected to find element: '.pixel', but never found it.",
                "estack": "CypressError: Timed out retrying: Expected to find element: '.pixel', but never found it.\n    at cypressErr (http://localhost:38103/__cypress/runner/cypress_runner.js:149934:9)\n    at throwErr (http://localhost:38103/__cypress/runner/cypress_runner.js:149867:11)\n    at Object.throwErrByPath (http://localhost:38103/__cypress/runner/cypress_runner.js:149915:3)\n    at retry (http://localhost:38103/__cypress/runner/cypress_runner.js:144197:19)\n    at onFailFn (http://localhost:38103/__cypress/runner/cypress_runner.js:132448:16)\n    at tryCatcher (http://localhost:38103/__cypress/runner/cypress_runner.js:167415:23)\n    at Promise._settlePromiseFromHandler (http://localhost:38103/__cypress/runner/cypress_runner.js:165351:31)\n    at Promise._settlePromise (http://localhost:38103/__cypress/runner/cypress_runner.js:165408:18)\n    at Promise._settlePromise0 (http://localhost:38103/__cypress/runner/cypress_runner.js:165453:10)\n    at Promise._settlePromises (http://localhost:38103/__cypress/runner/cypress_runner.js:165528:18)\n    at Async../node_modules/bluebird/js/release/async.js.Async._drainQueue (http://localhost:38103/__cypress/runner/cypress_runner.js:162140:16)\n    at Async../node_modules/bluebird/js/release/async.js.Async._drainQueues (http://localhost:38103/__cypress/runner/cypress_runner.js:162150:10)\n    at Async.drainQueues (http://localhost:38103/__cypress/runner/cypress_runner.js:162024:14)",
                "diff": null
              },
              "uuid": "edd2f1db-9641-4e40-ab63-11f6b5b15cef",
              "parentUUID": "0ab89ca3-8d32-4c08-b328-ce1cfcf8ae80",
              "isHook": false,
              "skipped": false
            },
            {
              "title": "Verifica se o quadro de pixels aparece abaixo da paleta de cores",
              "fullTitle": "4 - Adicione à página um quadro de pixels, com 25 pixels. Verifica se o quadro de pixels aparece abaixo da paleta de cores",
              "timedOut": null,
              "duration": 4300,
              "state": "failed",
              "speed": null,
              "pass": false,
              "fail": true,
              "pending": false,
              "context": null,
              "code": "cy.get('#color-palette').then(function (palette) {\n  cy.get('#pixel-board').should('be.belowOf', palette);\n});",
              "err": {
                "message": "CypressError: Timed out retrying: Expected to find element: '#color-palette', but never found it.",
                "estack": "CypressError: Timed out retrying: Expected to find element: '#color-palette', but never found it.\n    at cypressErr (http://localhost:38103/__cypress/runner/cypress_runner.js:149934:9)\n    at throwErr (http://localhost:38103/__cypress/runner/cypress_runner.js:149867:11)\n    at Object.throwErrByPath (http://localhost:38103/__cypress/runner/cypress_runner.js:149915:3)\n    at retry (http://localhost:38103/__cypress/runner/cypress_runner.js:144197:19)\n    at onFailFn (http://localhost:38103/__cypress/runner/cypress_runner.js:132448:16)\n    at tryCatcher (http://localhost:38103/__cypress/runner/cypress_runner.js:167415:23)\n    at Promise._settlePromiseFromHandler (http://localhost:38103/__cypress/runner/cypress_runner.js:165351:31)\n    at Promise._settlePromise (http://localhost:38103/__cypress/runner/cypress_runner.js:165408:18)\n    at Promise._settlePromise0 (http://localhost:38103/__cypress/runner/cypress_runner.js:165453:10)\n    at Promise._settlePromises (http://localhost:38103/__cypress/runner/cypress_runner.js:165528:18)\n    at Async../node_modules/bluebird/js/release/async.js.Async._drainQueue (http://localhost:38103/__cypress/runner/cypress_runner.js:162140:16)\n    at Async../node_modules/bluebird/js/release/async.js.Async._drainQueues (http://localhost:38103/__cypress/runner/cypress_runner.js:162150:10)\n    at Async.drainQueues (http://localhost:38103/__cypress/runner/cypress_runner.js:162024:14)",
                "diff": null
              },
              "uuid": "5356b41f-2a9a-4f8c-8a43-dd860a9b89b0",
              "parentUUID": "0ab89ca3-8d32-4c08-b328-ce1cfcf8ae80",
              "isHook": false,
              "skipped": false
            }
          ],
          "suites": [],
          "passes": [],
          "failures": [
            "3b75dd5f-8663-452c-a617-5dcb7b176e17",
            "3f3d4846-015c-4e5e-ba4a-408644ed337c",
            "edd2f1db-9641-4e40-ab63-11f6b5b15cef",
            "5356b41f-2a9a-4f8c-8a43-dd860a9b89b0"
          ],
          "pending": [],
          "skipped": [],
          "duration": 17058,
          "root": false,
          "rootEmpty": false,
          "_timeout": 2000
        },
        {
          "uuid": "20a54ccd-5b88-4e41-9077-2e20009cbbc9",
          "title": "5 - Faça com que cada elemento do quadro de pixels possua 40 pixels de largura, 40 pixels de altura e seja delimitado por uma borda preta de 1 pixel.",
          "fullFile": "",
          "file": "",
          "beforeHooks": [],
          "afterHooks": [],
          "tests": [
            {
              "title": "Verifica se o quadro de pixels tem altura e comprimento de 5 elementos",
              "fullTitle": "5 - Faça com que cada elemento do quadro de pixels possua 40 pixels de largura, 40 pixels de altura e seja delimitado por uma borda preta de 1 pixel. Verifica se o quadro de pixels tem altura e comprimento de 5 elementos",
              "timedOut": null,
              "duration": 4266,
              "state": "failed",
              "speed": null,
              "pass": false,
              "fail": true,
              "pending": false,
              "context": null,
              "code": "cy.get('.pixel').should('have.length', 25).each(function (pixel) {\n  expect(pixel).to.have.css('background-color', WHITE);\n}).and(function (pixels) {\n  var rows = chunk(pixels, 5);\n  rows.forEach(function (row) {\n    for (var index = 1; index < row.length; index += 1) {\n      var current = pixels[index];\n      var previous = pixels[index - 1];\n      cy.wrap(current).should('be.onTheRightOf', previous).and('be.horizontallyAlignedWith', previous);\n    }\n  });\n  for (var index = 1; index < 5; index += 1) {\n    expect(pixels[index * 5]).to.be.belowOf(pixels[(index - 1) * 5]);\n  }\n});",
              "err": {
                "message": "CypressError: Timed out retrying: Expected to find element: '.pixel', but never found it.",
                "estack": "CypressError: Timed out retrying: Expected to find element: '.pixel', but never found it.\n    at cypressErr (http://localhost:38103/__cypress/runner/cypress_runner.js:149934:9)\n    at throwErr (http://localhost:38103/__cypress/runner/cypress_runner.js:149867:11)\n    at Object.throwErrByPath (http://localhost:38103/__cypress/runner/cypress_runner.js:149915:3)\n    at retry (http://localhost:38103/__cypress/runner/cypress_runner.js:144197:19)\n    at onFailFn (http://localhost:38103/__cypress/runner/cypress_runner.js:132448:16)\n    at tryCatcher (http://localhost:38103/__cypress/runner/cypress_runner.js:167415:23)\n    at Promise._settlePromiseFromHandler (http://localhost:38103/__cypress/runner/cypress_runner.js:165351:31)\n    at Promise._settlePromise (http://localhost:38103/__cypress/runner/cypress_runner.js:165408:18)\n    at Promise._settlePromise0 (http://localhost:38103/__cypress/runner/cypress_runner.js:165453:10)\n    at Promise._settlePromises (http://localhost:38103/__cypress/runner/cypress_runner.js:165528:18)\n    at Async../node_modules/bluebird/js/release/async.js.Async._drainQueue (http://localhost:38103/__cypress/runner/cypress_runner.js:162140:16)\n    at Async../node_modules/bluebird/js/release/async.js.Async._drainQueues (http://localhost:38103/__cypress/runner/cypress_runner.js:162150:10)\n    at Async.drainQueues (http://localhost:38103/__cypress/runner/cypress_runner.js:162024:14)",
                "diff": null
              },
              "uuid": "d468cec5-bc3e-45e1-9332-85f9efd37001",
              "parentUUID": "20a54ccd-5b88-4e41-9077-2e20009cbbc9",
              "isHook": false,
              "skipped": false
            },
            {
              "title": "Verifica se 40 pixels é o tamanho total do elemento, incluindo seu conteúdo e excluindo a borda preta, que deve ser criada à parte.",
              "fullTitle": "5 - Faça com que cada elemento do quadro de pixels possua 40 pixels de largura, 40 pixels de altura e seja delimitado por uma borda preta de 1 pixel. Verifica se 40 pixels é o tamanho total do elemento, incluindo seu conteúdo e excluindo a borda preta, que deve ser criada à parte.",
              "timedOut": null,
              "duration": 4252,
              "state": "failed",
              "speed": null,
              "pass": false,
              "fail": true,
              "pending": false,
              "context": null,
              "code": "cy.get('.pixel').each(function (pixel) {\n  cy.wrap(pixel).should('have.css', 'height', '40px').and('have.css', 'width', '40px').and('have.css', 'border', \"1px solid \".concat(BLACK));\n});",
              "err": {
                "message": "CypressError: Timed out retrying: Expected to find element: '.pixel', but never found it.",
                "estack": "CypressError: Timed out retrying: Expected to find element: '.pixel', but never found it.\n    at cypressErr (http://localhost:38103/__cypress/runner/cypress_runner.js:149934:9)\n    at throwErr (http://localhost:38103/__cypress/runner/cypress_runner.js:149867:11)\n    at Object.throwErrByPath (http://localhost:38103/__cypress/runner/cypress_runner.js:149915:3)\n    at retry (http://localhost:38103/__cypress/runner/cypress_runner.js:144197:19)\n    at onFailFn (http://localhost:38103/__cypress/runner/cypress_runner.js:132448:16)\n    at tryCatcher (http://localhost:38103/__cypress/runner/cypress_runner.js:167415:23)\n    at Promise._settlePromiseFromHandler (http://localhost:38103/__cypress/runner/cypress_runner.js:165351:31)\n    at Promise._settlePromise (http://localhost:38103/__cypress/runner/cypress_runner.js:165408:18)\n    at Promise._settlePromise0 (http://localhost:38103/__cypress/runner/cypress_runner.js:165453:10)\n    at Promise._settlePromises (http://localhost:38103/__cypress/runner/cypress_runner.js:165528:18)\n    at Async../node_modules/bluebird/js/release/async.js.Async._drainQueue (http://localhost:38103/__cypress/runner/cypress_runner.js:162140:16)\n    at Async../node_modules/bluebird/js/release/async.js.Async._drainQueues (http://localhost:38103/__cypress/runner/cypress_runner.js:162150:10)\n    at Async.drainQueues (http://localhost:38103/__cypress/runner/cypress_runner.js:162024:14)",
                "diff": null
              },
              "uuid": "8b8cac0f-c123-46d5-a9ba-9477fbd0785e",
              "parentUUID": "20a54ccd-5b88-4e41-9077-2e20009cbbc9",
              "isHook": false,
              "skipped": false
            }
          ],
          "suites": [],
          "passes": [],
          "failures": [
            "d468cec5-bc3e-45e1-9332-85f9efd37001",
            "8b8cac0f-c123-46d5-a9ba-9477fbd0785e"
          ],
          "pending": [],
          "skipped": [],
          "duration": 8518,
          "root": false,
          "rootEmpty": false,
          "_timeout": 2000
        },
        {
          "uuid": "92305f4e-0bf3-4047-a836-afbc0bfc18e7",
          "title": "6 - Defina a cor preta como cor inicial. Ao carregar a página a cor preta já deve estar selecionada para pintar os pixels",
          "fullFile": "",
          "file": "",
          "beforeHooks": [],
          "afterHooks": [],
          "tests": [
            {
              "title": "Verifica se o elemento da cor preta possui, inicialmente, a `classe` `selected`",
              "fullTitle": "6 - Defina a cor preta como cor inicial. Ao carregar a página a cor preta já deve estar selecionada para pintar os pixels Verifica se o elemento da cor preta possui, inicialmente, a `classe` `selected`",
              "timedOut": null,
              "duration": 4290,
              "state": "failed",
              "speed": null,
              "pass": false,
              "fail": true,
              "pending": false,
              "context": null,
              "code": "cy.get('.selected').first().should('have.css', 'background-color', BLACK);",
              "err": {
                "message": "CypressError: Timed out retrying: Expected to find element: '.selected', but never found it.",
                "estack": "CypressError: Timed out retrying: Expected to find element: '.selected', but never found it.\n    at cypressErr (http://localhost:38103/__cypress/runner/cypress_runner.js:149934:9)\n    at throwErr (http://localhost:38103/__cypress/runner/cypress_runner.js:149867:11)\n    at Object.throwErrByPath (http://localhost:38103/__cypress/runner/cypress_runner.js:149915:3)\n    at retry (http://localhost:38103/__cypress/runner/cypress_runner.js:144197:19)\n    at onFailFn (http://localhost:38103/__cypress/runner/cypress_runner.js:132448:16)\n    at tryCatcher (http://localhost:38103/__cypress/runner/cypress_runner.js:167415:23)\n    at Promise._settlePromiseFromHandler (http://localhost:38103/__cypress/runner/cypress_runner.js:165351:31)\n    at Promise._settlePromise (http://localhost:38103/__cypress/runner/cypress_runner.js:165408:18)\n    at Promise._settlePromise0 (http://localhost:38103/__cypress/runner/cypress_runner.js:165453:10)\n    at Promise._settlePromises (http://localhost:38103/__cypress/runner/cypress_runner.js:165528:18)\n    at Async../node_modules/bluebird/js/release/async.js.Async._drainQueue (http://localhost:38103/__cypress/runner/cypress_runner.js:162140:16)\n    at Async../node_modules/bluebird/js/release/async.js.Async._drainQueues (http://localhost:38103/__cypress/runner/cypress_runner.js:162150:10)\n    at Async.drainQueues (http://localhost:38103/__cypress/runner/cypress_runner.js:162024:14)",
                "diff": null
              },
              "uuid": "4d3263da-4bef-4b02-9540-7c7a601c2a08",
              "parentUUID": "92305f4e-0bf3-4047-a836-afbc0bfc18e7",
              "isHook": false,
              "skipped": false
            },
            {
              "title": "Verifica se nenhuma outra cor da paleta tem a `classe` `selected`",
              "fullTitle": "6 - Defina a cor preta como cor inicial. Ao carregar a página a cor preta já deve estar selecionada para pintar os pixels Verifica se nenhuma outra cor da paleta tem a `classe` `selected`",
              "timedOut": null,
              "duration": 4259,
              "state": "failed",
              "speed": null,
              "pass": false,
              "fail": true,
              "pending": false,
              "context": null,
              "code": "cy.get('.color:not(:first-child)').each(function (color) {\n  cy.wrap(color).should('not.have.class', 'selected');\n});",
              "err": {
                "message": "CypressError: Timed out retrying: Expected to find element: '.color:not(:first-child)', but never found it.",
                "estack": "CypressError: Timed out retrying: Expected to find element: '.color:not(:first-child)', but never found it.\n    at cypressErr (http://localhost:38103/__cypress/runner/cypress_runner.js:149934:9)\n    at throwErr (http://localhost:38103/__cypress/runner/cypress_runner.js:149867:11)\n    at Object.throwErrByPath (http://localhost:38103/__cypress/runner/cypress_runner.js:149915:3)\n    at retry (http://localhost:38103/__cypress/runner/cypress_runner.js:144197:19)\n    at onFailFn (http://localhost:38103/__cypress/runner/cypress_runner.js:132448:16)\n    at tryCatcher (http://localhost:38103/__cypress/runner/cypress_runner.js:167415:23)\n    at Promise._settlePromiseFromHandler (http://localhost:38103/__cypress/runner/cypress_runner.js:165351:31)\n    at Promise._settlePromise (http://localhost:38103/__cypress/runner/cypress_runner.js:165408:18)\n    at Promise._settlePromise0 (http://localhost:38103/__cypress/runner/cypress_runner.js:165453:10)\n    at Promise._settlePromises (http://localhost:38103/__cypress/runner/cypress_runner.js:165528:18)\n    at Async../node_modules/bluebird/js/release/async.js.Async._drainQueue (http://localhost:38103/__cypress/runner/cypress_runner.js:162140:16)\n    at Async../node_modules/bluebird/js/release/async.js.Async._drainQueues (http://localhost:38103/__cypress/runner/cypress_runner.js:162150:10)\n    at Async.drainQueues (http://localhost:38103/__cypress/runner/cypress_runner.js:162024:14)",
                "diff": null
              },
              "uuid": "656a75b7-e2a1-45e5-b796-03572698f60b",
              "parentUUID": "92305f4e-0bf3-4047-a836-afbc0bfc18e7",
              "isHook": false,
              "skipped": false
            }
          ],
          "suites": [],
          "passes": [],
          "failures": [
            "4d3263da-4bef-4b02-9540-7c7a601c2a08",
            "656a75b7-e2a1-45e5-b796-03572698f60b"
          ],
          "pending": [],
          "skipped": [],
          "duration": 8549,
          "root": false,
          "rootEmpty": false,
          "_timeout": 2000
        },
        {
          "uuid": "95075d4c-b014-42a2-be93-a5539e8b3a4f",
          "title": "7 - Clicar em uma das cores da paleta, faz com que ela seja selecionada e utilizada para preencher os pixels no quadro.",
          "fullFile": "",
          "file": "",
          "beforeHooks": [],
          "afterHooks": [],
          "tests": [
            {
              "title": "Verifica se somente uma cor da paleta de cores tem a classe `selected` de cada vez",
              "fullTitle": "7 - Clicar em uma das cores da paleta, faz com que ela seja selecionada e utilizada para preencher os pixels no quadro. Verifica se somente uma cor da paleta de cores tem a classe `selected` de cada vez",
              "timedOut": null,
              "duration": 4273,
              "state": "failed",
              "speed": null,
              "pass": false,
              "fail": true,
              "pending": false,
              "context": null,
              "code": "cy.get('.color').each(function (selectedColor, selectedColorIndex) {\n  cy.wrap(selectedColor).click();\n  cy.get('.color').each(function (color, colorIndex) {\n    if (colorIndex === selectedColorIndex) {\n      expect(color).to.have[\"class\"]('selected');\n    } else {\n      expect(color).not.to.have[\"class\"]('selected');\n    }\n  });\n});",
              "err": {
                "message": "CypressError: Timed out retrying: Expected to find element: '.color', but never found it.",
                "estack": "CypressError: Timed out retrying: Expected to find element: '.color', but never found it.\n    at cypressErr (http://localhost:38103/__cypress/runner/cypress_runner.js:149934:9)\n    at throwErr (http://localhost:38103/__cypress/runner/cypress_runner.js:149867:11)\n    at Object.throwErrByPath (http://localhost:38103/__cypress/runner/cypress_runner.js:149915:3)\n    at retry (http://localhost:38103/__cypress/runner/cypress_runner.js:144197:19)\n    at onFailFn (http://localhost:38103/__cypress/runner/cypress_runner.js:132448:16)\n    at tryCatcher (http://localhost:38103/__cypress/runner/cypress_runner.js:167415:23)\n    at Promise._settlePromiseFromHandler (http://localhost:38103/__cypress/runner/cypress_runner.js:165351:31)\n    at Promise._settlePromise (http://localhost:38103/__cypress/runner/cypress_runner.js:165408:18)\n    at Promise._settlePromise0 (http://localhost:38103/__cypress/runner/cypress_runner.js:165453:10)\n    at Promise._settlePromises (http://localhost:38103/__cypress/runner/cypress_runner.js:165528:18)\n    at Async../node_modules/bluebird/js/release/async.js.Async._drainQueue (http://localhost:38103/__cypress/runner/cypress_runner.js:162140:16)\n    at Async../node_modules/bluebird/js/release/async.js.Async._drainQueues (http://localhost:38103/__cypress/runner/cypress_runner.js:162150:10)\n    at Async.drainQueues (http://localhost:38103/__cypress/runner/cypress_runner.js:162024:14)",
                "diff": null
              },
              "uuid": "71867714-6f78-4c7b-b45b-08017e240381",
              "parentUUID": "95075d4c-b014-42a2-be93-a5539e8b3a4f",
              "isHook": false,
              "skipped": false
            },
            {
              "title": "Verifica se os pixels dentro do quadro não têm a classe `selected` quando são clicados",
              "fullTitle": "7 - Clicar em uma das cores da paleta, faz com que ela seja selecionada e utilizada para preencher os pixels no quadro. Verifica se os pixels dentro do quadro não têm a classe `selected` quando são clicados",
              "timedOut": null,
              "duration": 4243,
              "state": "failed",
              "speed": null,
              "pass": false,
              "fail": true,
              "pending": false,
              "context": null,
              "code": "cy.get('.color').each(function (color) {\n  var backgroundColor = color.css('background-color');\n  cy.wrap(color).click();\n  cy.get('.pixel').each(function (pixel) {\n    cy.wrap(pixel).click().should('not.have.class', 'selected');\n  });\n});",
              "err": {
                "message": "CypressError: Timed out retrying: Expected to find element: '.color', but never found it.",
                "estack": "CypressError: Timed out retrying: Expected to find element: '.color', but never found it.\n    at cypressErr (http://localhost:38103/__cypress/runner/cypress_runner.js:149934:9)\n    at throwErr (http://localhost:38103/__cypress/runner/cypress_runner.js:149867:11)\n    at Object.throwErrByPath (http://localhost:38103/__cypress/runner/cypress_runner.js:149915:3)\n    at retry (http://localhost:38103/__cypress/runner/cypress_runner.js:144197:19)\n    at onFailFn (http://localhost:38103/__cypress/runner/cypress_runner.js:132448:16)\n    at tryCatcher (http://localhost:38103/__cypress/runner/cypress_runner.js:167415:23)\n    at Promise._settlePromiseFromHandler (http://localhost:38103/__cypress/runner/cypress_runner.js:165351:31)\n    at Promise._settlePromise (http://localhost:38103/__cypress/runner/cypress_runner.js:165408:18)\n    at Promise._settlePromise0 (http://localhost:38103/__cypress/runner/cypress_runner.js:165453:10)\n    at Promise._settlePromises (http://localhost:38103/__cypress/runner/cypress_runner.js:165528:18)\n    at Async../node_modules/bluebird/js/release/async.js.Async._drainQueue (http://localhost:38103/__cypress/runner/cypress_runner.js:162140:16)\n    at Async../node_modules/bluebird/js/release/async.js.Async._drainQueues (http://localhost:38103/__cypress/runner/cypress_runner.js:162150:10)\n    at Async.drainQueues (http://localhost:38103/__cypress/runner/cypress_runner.js:162024:14)",
                "diff": null
              },
              "uuid": "940b1179-5616-4c8d-bb44-44629ad0659a",
              "parentUUID": "95075d4c-b014-42a2-be93-a5539e8b3a4f",
              "isHook": false,
              "skipped": false
            }
          ],
          "suites": [],
          "passes": [],
          "failures": [
            "71867714-6f78-4c7b-b45b-08017e240381",
            "940b1179-5616-4c8d-bb44-44629ad0659a"
          ],
          "pending": [],
          "skipped": [],
          "duration": 8516,
          "root": false,
          "rootEmpty": false,
          "_timeout": 2000
        },
        {
          "uuid": "cebb7b32-d29e-4aef-8238-65b876111ed0",
          "title": "8 - Clicar em um pixel dentro do quadro após selecionar uma cor na paleta, faz com que o pixel seja preenchido com a cor selecionada.",
          "fullFile": "",
          "file": "",
          "beforeHooks": [],
          "afterHooks": [],
          "tests": [
            {
              "title": "Verifica se ao carregar a página deve ser possível pintar os pixels de preto",
              "fullTitle": "8 - Clicar em um pixel dentro do quadro após selecionar uma cor na paleta, faz com que o pixel seja preenchido com a cor selecionada. Verifica se ao carregar a página deve ser possível pintar os pixels de preto",
              "timedOut": null,
              "duration": 4233,
              "state": "failed",
              "speed": null,
              "pass": false,
              "fail": true,
              "pending": false,
              "context": null,
              "code": "cy.get('.pixel').each(function (pixel) {\n  cy.wrap(pixel).click().should('have.css', 'background-color', BLACK);\n});",
              "err": {
                "message": "CypressError: Timed out retrying: Expected to find element: '.pixel', but never found it.",
                "estack": "CypressError: Timed out retrying: Expected to find element: '.pixel', but never found it.\n    at cypressErr (http://localhost:38103/__cypress/runner/cypress_runner.js:149934:9)\n    at throwErr (http://localhost:38103/__cypress/runner/cypress_runner.js:149867:11)\n    at Object.throwErrByPath (http://localhost:38103/__cypress/runner/cypress_runner.js:149915:3)\n    at retry (http://localhost:38103/__cypress/runner/cypress_runner.js:144197:19)\n    at onFailFn (http://localhost:38103/__cypress/runner/cypress_runner.js:132448:16)\n    at tryCatcher (http://localhost:38103/__cypress/runner/cypress_runner.js:167415:23)\n    at Promise._settlePromiseFromHandler (http://localhost:38103/__cypress/runner/cypress_runner.js:165351:31)\n    at Promise._settlePromise (http://localhost:38103/__cypress/runner/cypress_runner.js:165408:18)\n    at Promise._settlePromise0 (http://localhost:38103/__cypress/runner/cypress_runner.js:165453:10)\n    at Promise._settlePromises (http://localhost:38103/__cypress/runner/cypress_runner.js:165528:18)\n    at Async../node_modules/bluebird/js/release/async.js.Async._drainQueue (http://localhost:38103/__cypress/runner/cypress_runner.js:162140:16)\n    at Async../node_modules/bluebird/js/release/async.js.Async._drainQueues (http://localhost:38103/__cypress/runner/cypress_runner.js:162150:10)\n    at Async.drainQueues (http://localhost:38103/__cypress/runner/cypress_runner.js:162024:14)",
                "diff": null
              },
              "uuid": "696ce9b4-6307-4d79-9180-c7a668282102",
              "parentUUID": "cebb7b32-d29e-4aef-8238-65b876111ed0",
              "isHook": false,
              "skipped": false
            },
            {
              "title": "Verifica se após selecionar uma outra cor na paleta, é possível pintar os pixels com essa cor",
              "fullTitle": "8 - Clicar em um pixel dentro do quadro após selecionar uma cor na paleta, faz com que o pixel seja preenchido com a cor selecionada. Verifica se após selecionar uma outra cor na paleta, é possível pintar os pixels com essa cor",
              "timedOut": null,
              "duration": 4267,
              "state": "failed",
              "speed": null,
              "pass": false,
              "fail": true,
              "pending": false,
              "context": null,
              "code": "cy.get('.color').each(function (color) {\n  var backgroundColor = color.css('background-color');\n  cy.wrap(color).click();\n  cy.get('.pixel').each(function (pixel) {\n    cy.wrap(pixel).click().should('have.css', 'background-color', backgroundColor);\n  });\n});",
              "err": {
                "message": "CypressError: Timed out retrying: Expected to find element: '.color', but never found it.",
                "estack": "CypressError: Timed out retrying: Expected to find element: '.color', but never found it.\n    at cypressErr (http://localhost:38103/__cypress/runner/cypress_runner.js:149934:9)\n    at throwErr (http://localhost:38103/__cypress/runner/cypress_runner.js:149867:11)\n    at Object.throwErrByPath (http://localhost:38103/__cypress/runner/cypress_runner.js:149915:3)\n    at retry (http://localhost:38103/__cypress/runner/cypress_runner.js:144197:19)\n    at onFailFn (http://localhost:38103/__cypress/runner/cypress_runner.js:132448:16)\n    at tryCatcher (http://localhost:38103/__cypress/runner/cypress_runner.js:167415:23)\n    at Promise._settlePromiseFromHandler (http://localhost:38103/__cypress/runner/cypress_runner.js:165351:31)\n    at Promise._settlePromise (http://localhost:38103/__cypress/runner/cypress_runner.js:165408:18)\n    at Promise._settlePromise0 (http://localhost:38103/__cypress/runner/cypress_runner.js:165453:10)\n    at Promise._settlePromises (http://localhost:38103/__cypress/runner/cypress_runner.js:165528:18)\n    at Async../node_modules/bluebird/js/release/async.js.Async._drainQueue (http://localhost:38103/__cypress/runner/cypress_runner.js:162140:16)\n    at Async../node_modules/bluebird/js/release/async.js.Async._drainQueues (http://localhost:38103/__cypress/runner/cypress_runner.js:162150:10)\n    at Async.drainQueues (http://localhost:38103/__cypress/runner/cypress_runner.js:162024:14)",
                "diff": null
              },
              "uuid": "52e100c7-6a10-43d9-b9ea-4b905788e2e0",
              "parentUUID": "cebb7b32-d29e-4aef-8238-65b876111ed0",
              "isHook": false,
              "skipped": false
            },
            {
              "title": "Verifica se somente o pixel que foi clicado foi preenchido com a cor selecionada, sem influenciar na cor dos demais pixels.",
              "fullTitle": "8 - Clicar em um pixel dentro do quadro após selecionar uma cor na paleta, faz com que o pixel seja preenchido com a cor selecionada. Verifica se somente o pixel que foi clicado foi preenchido com a cor selecionada, sem influenciar na cor dos demais pixels.",
              "timedOut": null,
              "duration": 4262,
              "state": "failed",
              "speed": null,
              "pass": false,
              "fail": true,
              "pending": false,
              "context": null,
              "code": "var colorToPixelIndexMap = {\n  0: 6,\n  1: 8,\n  2: 16,\n  3: 18\n};\ncy.get('.color').each(function (color, index) {\n  cy.wrap(color).click();\n  var backgroundColor = color.css('background-color');\n  var clickedPixelIndex = colorToPixelIndexMap[index];\n  cy.get('.pixel').eq(clickedPixelIndex).click();\n  cy.get('.pixel').eq(clickedPixelIndex - 1).should('not.have.css', 'background-color', backgroundColor);\n  cy.get('.pixel').eq(clickedPixelIndex + 1).should('not.have.css', 'background-color', backgroundColor);\n  cy.get('.pixel').eq(clickedPixelIndex - 5).should('not.have.css', 'background-color', backgroundColor);\n  cy.get('.pixel').eq(clickedPixelIndex + 5).should('not.have.css', 'background-color', backgroundColor);\n  cy.get('.pixel').eq(clickedPixelIndex - 6).should('not.have.css', 'background-color', backgroundColor);\n  cy.get('.pixel').eq(clickedPixelIndex - 4).should('not.have.css', 'background-color', backgroundColor);\n  cy.get('.pixel').eq(clickedPixelIndex + 4).should('not.have.css', 'background-color', backgroundColor);\n  cy.get('.pixel').eq(clickedPixelIndex + 6).should('not.have.css', 'background-color', backgroundColor);\n});",
              "err": {
                "message": "CypressError: Timed out retrying: Expected to find element: '.color', but never found it.",
                "estack": "CypressError: Timed out retrying: Expected to find element: '.color', but never found it.\n    at cypressErr (http://localhost:38103/__cypress/runner/cypress_runner.js:149934:9)\n    at throwErr (http://localhost:38103/__cypress/runner/cypress_runner.js:149867:11)\n    at Object.throwErrByPath (http://localhost:38103/__cypress/runner/cypress_runner.js:149915:3)\n    at retry (http://localhost:38103/__cypress/runner/cypress_runner.js:144197:19)\n    at onFailFn (http://localhost:38103/__cypress/runner/cypress_runner.js:132448:16)\n    at tryCatcher (http://localhost:38103/__cypress/runner/cypress_runner.js:167415:23)\n    at Promise._settlePromiseFromHandler (http://localhost:38103/__cypress/runner/cypress_runner.js:165351:31)\n    at Promise._settlePromise (http://localhost:38103/__cypress/runner/cypress_runner.js:165408:18)\n    at Promise._settlePromise0 (http://localhost:38103/__cypress/runner/cypress_runner.js:165453:10)\n    at Promise._settlePromises (http://localhost:38103/__cypress/runner/cypress_runner.js:165528:18)\n    at Async../node_modules/bluebird/js/release/async.js.Async._drainQueue (http://localhost:38103/__cypress/runner/cypress_runner.js:162140:16)\n    at Async../node_modules/bluebird/js/release/async.js.Async._drainQueues (http://localhost:38103/__cypress/runner/cypress_runner.js:162150:10)\n    at Async.drainQueues (http://localhost:38103/__cypress/runner/cypress_runner.js:162024:14)",
                "diff": null
              },
              "uuid": "eb6f2190-6bb8-49cf-9659-51a47e44bc39",
              "parentUUID": "cebb7b32-d29e-4aef-8238-65b876111ed0",
              "isHook": false,
              "skipped": false
            }
          ],
          "suites": [],
          "passes": [],
          "failures": [
            "696ce9b4-6307-4d79-9180-c7a668282102",
            "52e100c7-6a10-43d9-b9ea-4b905788e2e0",
            "eb6f2190-6bb8-49cf-9659-51a47e44bc39"
          ],
          "pending": [],
          "skipped": [],
          "duration": 12762,
          "root": false,
          "rootEmpty": false,
          "_timeout": 2000
        },
        {
          "uuid": "d14e68a7-a95c-4538-9ac3-4ec045d505a1",
          "title": "9 - Crie um botão que, ao ser clicado, limpa o quadro preenchendo a cor de todos seus pixels com branco.",
          "fullFile": "",
          "file": "",
          "beforeHooks": [],
          "afterHooks": [],
          "tests": [
            {
              "title": "Verifica se o botão tem o `id` denominado `clear-board`",
              "fullTitle": "9 - Crie um botão que, ao ser clicado, limpa o quadro preenchendo a cor de todos seus pixels com branco. Verifica se o botão tem o `id` denominado `clear-board`",
              "timedOut": null,
              "duration": 4272,
              "state": "failed",
              "speed": null,
              "pass": false,
              "fail": true,
              "pending": false,
              "context": null,
              "code": "cy.get('#clear-board').should('be.visible');",
              "err": {
                "message": "CypressError: Timed out retrying: Expected to find element: '#clear-board', but never found it.",
                "estack": "CypressError: Timed out retrying: Expected to find element: '#clear-board', but never found it.\n    at cypressErr (http://localhost:38103/__cypress/runner/cypress_runner.js:149934:9)\n    at throwErr (http://localhost:38103/__cypress/runner/cypress_runner.js:149867:11)\n    at Object.throwErrByPath (http://localhost:38103/__cypress/runner/cypress_runner.js:149915:3)\n    at retry (http://localhost:38103/__cypress/runner/cypress_runner.js:144197:19)\n    at onFailFn (http://localhost:38103/__cypress/runner/cypress_runner.js:132448:16)\n    at tryCatcher (http://localhost:38103/__cypress/runner/cypress_runner.js:167415:23)\n    at Promise._settlePromiseFromHandler (http://localhost:38103/__cypress/runner/cypress_runner.js:165351:31)\n    at Promise._settlePromise (http://localhost:38103/__cypress/runner/cypress_runner.js:165408:18)\n    at Promise._settlePromise0 (http://localhost:38103/__cypress/runner/cypress_runner.js:165453:10)\n    at Promise._settlePromises (http://localhost:38103/__cypress/runner/cypress_runner.js:165528:18)\n    at Async../node_modules/bluebird/js/release/async.js.Async._drainQueue (http://localhost:38103/__cypress/runner/cypress_runner.js:162140:16)\n    at Async../node_modules/bluebird/js/release/async.js.Async._drainQueues (http://localhost:38103/__cypress/runner/cypress_runner.js:162150:10)\n    at Async.drainQueues (http://localhost:38103/__cypress/runner/cypress_runner.js:162024:14)",
                "diff": null
              },
              "uuid": "ee0abac9-c04a-4e98-87dc-8669d8b50c30",
              "parentUUID": "d14e68a7-a95c-4538-9ac3-4ec045d505a1",
              "isHook": false,
              "skipped": false
            },
            {
              "title": "Verifica se o botão está posicionado entre a paleta de cores e o quadro de pixels",
              "fullTitle": "9 - Crie um botão que, ao ser clicado, limpa o quadro preenchendo a cor de todos seus pixels com branco. Verifica se o botão está posicionado entre a paleta de cores e o quadro de pixels",
              "timedOut": null,
              "duration": 4244,
              "state": "failed",
              "speed": null,
              "pass": false,
              "fail": true,
              "pending": false,
              "context": null,
              "code": "cy.get('#color-palette').then(function (palette) {\n  cy.get('#clear-board').should('be.belowOf', palette);\n});\ncy.get('#clear-board').then(function (clearBtn) {\n  cy.get('#pixel-board').should('be.belowOf', clearBtn);\n});",
              "err": {
                "message": "CypressError: Timed out retrying: Expected to find element: '#color-palette', but never found it.",
                "estack": "CypressError: Timed out retrying: Expected to find element: '#color-palette', but never found it.\n    at cypressErr (http://localhost:38103/__cypress/runner/cypress_runner.js:149934:9)\n    at throwErr (http://localhost:38103/__cypress/runner/cypress_runner.js:149867:11)\n    at Object.throwErrByPath (http://localhost:38103/__cypress/runner/cypress_runner.js:149915:3)\n    at retry (http://localhost:38103/__cypress/runner/cypress_runner.js:144197:19)\n    at onFailFn (http://localhost:38103/__cypress/runner/cypress_runner.js:132448:16)\n    at tryCatcher (http://localhost:38103/__cypress/runner/cypress_runner.js:167415:23)\n    at Promise._settlePromiseFromHandler (http://localhost:38103/__cypress/runner/cypress_runner.js:165351:31)\n    at Promise._settlePromise (http://localhost:38103/__cypress/runner/cypress_runner.js:165408:18)\n    at Promise._settlePromise0 (http://localhost:38103/__cypress/runner/cypress_runner.js:165453:10)\n    at Promise._settlePromises (http://localhost:38103/__cypress/runner/cypress_runner.js:165528:18)\n    at Async../node_modules/bluebird/js/release/async.js.Async._drainQueue (http://localhost:38103/__cypress/runner/cypress_runner.js:162140:16)\n    at Async../node_modules/bluebird/js/release/async.js.Async._drainQueues (http://localhost:38103/__cypress/runner/cypress_runner.js:162150:10)\n    at Async.drainQueues (http://localhost:38103/__cypress/runner/cypress_runner.js:162024:14)",
                "diff": null
              },
              "uuid": "97883ee8-626d-4e11-a1dd-600b119ed37d",
              "parentUUID": "d14e68a7-a95c-4538-9ac3-4ec045d505a1",
              "isHook": false,
              "skipped": false
            },
            {
              "title": "Verifica se o texto do botão é 'Limpar'",
              "fullTitle": "9 - Crie um botão que, ao ser clicado, limpa o quadro preenchendo a cor de todos seus pixels com branco. Verifica se o texto do botão é 'Limpar'",
              "timedOut": null,
              "duration": 4298,
              "state": "failed",
              "speed": null,
              "pass": false,
              "fail": true,
              "pending": false,
              "context": null,
              "code": "cy.get('#clear-board').should('contain.text', 'Limpar');",
              "err": {
                "message": "CypressError: Timed out retrying: Expected to find element: '#clear-board', but never found it.",
                "estack": "CypressError: Timed out retrying: Expected to find element: '#clear-board', but never found it.\n    at cypressErr (http://localhost:38103/__cypress/runner/cypress_runner.js:149934:9)\n    at throwErr (http://localhost:38103/__cypress/runner/cypress_runner.js:149867:11)\n    at Object.throwErrByPath (http://localhost:38103/__cypress/runner/cypress_runner.js:149915:3)\n    at retry (http://localhost:38103/__cypress/runner/cypress_runner.js:144197:19)\n    at onFailFn (http://localhost:38103/__cypress/runner/cypress_runner.js:132448:16)\n    at tryCatcher (http://localhost:38103/__cypress/runner/cypress_runner.js:167415:23)\n    at Promise._settlePromiseFromHandler (http://localhost:38103/__cypress/runner/cypress_runner.js:165351:31)\n    at Promise._settlePromise (http://localhost:38103/__cypress/runner/cypress_runner.js:165408:18)\n    at Promise._settlePromise0 (http://localhost:38103/__cypress/runner/cypress_runner.js:165453:10)\n    at Promise._settlePromises (http://localhost:38103/__cypress/runner/cypress_runner.js:165528:18)\n    at Async../node_modules/bluebird/js/release/async.js.Async._drainQueue (http://localhost:38103/__cypress/runner/cypress_runner.js:162140:16)\n    at Async../node_modules/bluebird/js/release/async.js.Async._drainQueues (http://localhost:38103/__cypress/runner/cypress_runner.js:162150:10)\n    at Async.drainQueues (http://localhost:38103/__cypress/runner/cypress_runner.js:162024:14)",
                "diff": null
              },
              "uuid": "daf11536-fe64-4cb3-ba6d-cc489388c9d4",
              "parentUUID": "d14e68a7-a95c-4538-9ac3-4ec045d505a1",
              "isHook": false,
              "skipped": false
            },
            {
              "title": "Verifica se ao clicar no botão, o quadro de pixels é totalmente preenchido de branco",
              "fullTitle": "9 - Crie um botão que, ao ser clicado, limpa o quadro preenchendo a cor de todos seus pixels com branco. Verifica se ao clicar no botão, o quadro de pixels é totalmente preenchido de branco",
              "timedOut": null,
              "duration": 4264,
              "state": "failed",
              "speed": null,
              "pass": false,
              "fail": true,
              "pending": false,
              "context": null,
              "code": "cy.get('.color').eq(1).then(function (color) {\n  var backgroundColor = color.css('background-color');\n  cy.wrap(color).click();\n  cy.get('.pixel').each(function (pixel) {\n    cy.wrap(pixel).click().should('have.css', 'background-color', backgroundColor);\n  });\n});\ncy.get('#clear-board').click();\ncy.get('.pixel').each(function (pixel) {\n  cy.wrap(pixel).should('have.css', 'background-color', WHITE);\n});",
              "err": {
                "message": "CypressError: Timed out retrying: Expected to find element: '.color', but never found it.",
                "estack": "CypressError: Timed out retrying: Expected to find element: '.color', but never found it.\n    at cypressErr (http://localhost:38103/__cypress/runner/cypress_runner.js:149934:9)\n    at throwErr (http://localhost:38103/__cypress/runner/cypress_runner.js:149867:11)\n    at Object.throwErrByPath (http://localhost:38103/__cypress/runner/cypress_runner.js:149915:3)\n    at retry (http://localhost:38103/__cypress/runner/cypress_runner.js:144197:19)\n    at onFailFn (http://localhost:38103/__cypress/runner/cypress_runner.js:132448:16)\n    at tryCatcher (http://localhost:38103/__cypress/runner/cypress_runner.js:167415:23)\n    at Promise._settlePromiseFromHandler (http://localhost:38103/__cypress/runner/cypress_runner.js:165351:31)\n    at Promise._settlePromise (http://localhost:38103/__cypress/runner/cypress_runner.js:165408:18)\n    at Promise._settlePromise0 (http://localhost:38103/__cypress/runner/cypress_runner.js:165453:10)\n    at Promise._settlePromises (http://localhost:38103/__cypress/runner/cypress_runner.js:165528:18)\n    at Async../node_modules/bluebird/js/release/async.js.Async._drainQueue (http://localhost:38103/__cypress/runner/cypress_runner.js:162140:16)\n    at Async../node_modules/bluebird/js/release/async.js.Async._drainQueues (http://localhost:38103/__cypress/runner/cypress_runner.js:162150:10)\n    at Async.drainQueues (http://localhost:38103/__cypress/runner/cypress_runner.js:162024:14)",
                "diff": null
              },
              "uuid": "b92826c4-e515-47a6-a1f4-37f3b36a83f0",
              "parentUUID": "d14e68a7-a95c-4538-9ac3-4ec045d505a1",
              "isHook": false,
              "skipped": false
            }
          ],
          "suites": [],
          "passes": [],
          "failures": [
            "ee0abac9-c04a-4e98-87dc-8669d8b50c30",
            "97883ee8-626d-4e11-a1dd-600b119ed37d",
            "daf11536-fe64-4cb3-ba6d-cc489388c9d4",
            "b92826c4-e515-47a6-a1f4-37f3b36a83f0"
          ],
          "pending": [],
          "skipped": [],
          "duration": 17078,
          "root": false,
          "rootEmpty": false,
          "_timeout": 2000
        },
        {
          "uuid": "b0f1496b-1b67-43ed-aa01-3fdd74360ef3",
          "title": "10 - Faça o quadro de pixels ter seu tamanho definido pelo usuário.",
          "fullFile": "",
          "file": "",
          "beforeHooks": [],
          "afterHooks": [],
          "tests": [
            {
              "title": "Verifica se existe um input com o id `board-size`",
              "fullTitle": "10 - Faça o quadro de pixels ter seu tamanho definido pelo usuário. Verifica se existe um input com o id `board-size`",
              "timedOut": null,
              "duration": 4356,
              "state": "failed",
              "speed": null,
              "pass": false,
              "fail": true,
              "pending": false,
              "context": null,
              "code": "cy.get('#board-size').should('be.visible');",
              "err": {
                "message": "CypressError: Timed out retrying: Expected to find element: '#board-size', but never found it.",
[...]
                "diff": null
              },
              "uuid": "fd80fe61-0a1f-4886-bb8f-78bff05e2bfd",
              "parentUUID": "b0f1496b-1b67-43ed-aa01-3fdd74360ef3",
              "isHook": false,
              "skipped": false
            },
            {
              "title": "Verifica se o novo quadro tem todos os pixels preenchidos com a cor branca",
              "fullTitle": "10 - Faça o quadro de pixels ter seu tamanho definido pelo usuário. Verifica se o novo quadro tem todos os pixels preenchidos com a cor branca",
              "timedOut": null,
              "duration": 4250,
              "state": "failed",
              "speed": null,
              "pass": false,
              "fail": true,
              "pending": false,
              "context": null,
              "code": "cy.get('#board-size').clear().type(6);\ncy.get('#generate-board').click();\ncy.get('.pixel').should('have.length', 36).each(function (pixel) {\n  expect(pixel).to.have.css('background-color', WHITE);\n});",
              "err": {
                "message": "CypressError: Timed out retrying: Expected to find element: '#board-size', but never found it.",
                "estack": "CypressError: Timed out retrying: Expected to find element: '#board-size', but never found it.\n    at cypressErr (http://localhost:38103/__cypress/runner/cypress_runner.js:149934:9)\n    at throwErr (http://localhost:38103/__cypress/runner/cypress_runner.js:149867:11)\n    at Object.throwErrByPath (http://localhost:38103/__cypress/runner/cypress_runner.js:149915:3)\n    at retry (http://localhost:38103/__cypress/runner/cypress_runner.js:144197:19)\n    at onFailFn (http://localhost:38103/__cypress/runner/cypress_runner.js:132448:16)\n    at tryCatcher (http://localhost:38103/__cypress/runner/cypress_runner.js:167415:23)\n    at Promise._settlePromiseFromHandler (http://localhost:38103/__cypress/runner/cypress_runner.js:165351:31)\n    at Promise._settlePromise (http://localhost:38103/__cypress/runner/cypress_runner.js:165408:18)\n    at Promise._settlePromise0 (http://localhost:38103/__cypress/runner/cypress_runner.js:165453:10)\n    at Promise._settlePromises (http://localhost:38103/__cypress/runner/cypress_runner.js:165528:18)\n    at Async../node_modules/bluebird/js/release/async.js.Async._drainQueue (http://localhost:38103/__cypress/runner/cypress_runner.js:162140:16)\n    at Async../node_modules/bluebird/js/release/async.js.Async._drainQueues (http://localhost:38103/__cypress/runner/cypress_runner.js:162150:10)\n    at Async.drainQueues (http://localhost:38103/__cypress/runner/cypress_runner.js:162024:14)",
                "diff": null
              },
              "uuid": "a2495886-cc2d-4e10-bf77-4c5208126e12",
              "parentUUID": "b0f1496b-1b67-43ed-aa01-3fdd74360ef3",
              "isHook": false,
              "skipped": false
            }
          ],
          "suites": [],
          "passes": [],
          "failures": [
            "d69f0200-63dd-49d3-8943-ea216d525b19",
            "96e61f38-d9de-4d42-9988-02010369ad7c",
            "ae90e373-d7a6-49c7-af23-f2f319bc9a1a",
            "b713aa9b-b698-4181-b8f7-1ab9ed4714b4",
            "16a0426f-c6c1-4a1d-aecd-fb19595c0c7d",
            "ad212c23-ba5f-46b5-8361-44ad37927fbc",
            "5e0ade4e-80cb-42b9-bf01-161705ce759e",
            "fd80fe61-0a1f-4886-bb8f-78bff05e2bfd",
            "a2495886-cc2d-4e10-bf77-4c5208126e12"
          ],
          "pending": [],
          "skipped": [],
          "duration": 38526,
          "root": false,
          "rootEmpty": false,
          "_timeout": 2000
        },
        {
          "uuid": "691bea97-bbbe-4790-9107-893a4cd96857",
          "title": "11 - Limite o tamanho mínimo e máximo do board.",
          "fullFile": "",
          "file": "",
          "beforeHooks": [],
          "afterHooks": [],
          "tests": [
            {
              "title": "Verifica se a altura máxima do board é 50",
              "fullTitle": "11 - Limite o tamanho mínimo e máximo do board. Verifica se a altura máxima do board é 50",
              "timedOut": null,
              "duration": 4246,
              "state": "failed",
              "speed": null,
              "pass": false,
              "fail": true,
              "pending": false,
              "context": null,
              "code": "cy.get('#board-size').clear().type(50);\ncy.get('#generate-board').click();\ncy.get('.pixel').should('have.length', 2500);",
              "err": {
                "message": "CypressError: Timed out retrying: Expected to find element: '#board-size', but never found it.",
                "estack": "CypressError: Timed out retrying: Expected to find element: '#board-size', but never found it.\n    at cypressErr (http://localhost:38103/__cypress/runner/cypress_runner.js:149934:9)\n    at throwErr (http://localhost:38103/__cypress/runner/cypress_runner.js:149867:11)\n    at Object.throwErrByPath (http://localhost:38103/__cypress/runner/cypress_runner.js:149915:3)\n    at retry (http://localhost:38103/__cypress/runner/cypress_runner.js:144197:19)\n    at onFailFn (http://localhost:38103/__cypress/runner/cypress_runner.js:132448:16)\n    at tryCatcher (http://localhost:38103/__cypress/runner/cypress_runner.js:167415:23)\n    at Promise._settlePromiseFromHandler (http://localhost:38103/__cypress/runner/cypress_runner.js:165351:31)\n    at Promise._settlePromise (http://localhost:38103/__cypress/runner/cypress_runner.js:165408:18)\n    at Promise._settlePromise0 (http://localhost:38103/__cypress/runner/cypress_runner.js:165453:10)\n    at Promise._settlePromises (http://localhost:38103/__cypress/runner/cypress_runner.js:165528:18)\n    at Async../node_modules/bluebird/js/release/async.js.Async._drainQueue (http://localhost:38103/__cypress/runner/cypress_runner.js:162140:16)\n    at Async../node_modules/bluebird/js/release/async.js.Async._drainQueues (http://localhost:38103/__cypress/runner/cypress_runner.js:162150:10)\n    at Async.drainQueues (http://localhost:38103/__cypress/runner/cypress_runner.js:162024:14)",
                "diff": null
              },
              "uuid": "8db71bd5-0a3b-4bf1-979f-0837faf82e52",
              "parentUUID": "691bea97-bbbe-4790-9107-893a4cd96857",
              "isHook": false,
              "skipped": false
            },
            {
              "title": "Verifica se a altura do board é 5 quando um valor menor é colocado no input",
              "fullTitle": "11 - Limite o tamanho mínimo e máximo do board. Verifica se a altura do board é 5 quando um valor menor é colocado no input",
              "timedOut": null,
              "duration": 4245,
              "state": "failed",
              "speed": null,
              "pass": false,
              "fail": true,
              "pending": false,
              "context": null,
              "code": "cy.get('#board-size').clear().type(4);\ncy.get('#generate-board').click();\ncy.get('.pixel').should('have.length', 25);",
              "err": {
                "message": "CypressError: Timed out retrying: Expected to find element: '#board-size', but never found it.",
                "estack": "CypressError: Timed out retrying: Expected to find element: '#board-size', but never found it.\n    at cypressErr (http://localhost:38103/__cypress/runner/cypress_runner.js:149934:9)\n    at throwErr (http://localhost:38103/__cypress/runner/cypress_runner.js:149867:11)\n    at Object.throwErrByPath (http://localhost:38103/__cypress/runner/cypress_runner.js:149915:3)\n    at retry (http://localhost:38103/__cypress/runner/cypress_runner.js:144197:19)\n    at onFailFn (http://localhost:38103/__cypress/runner/cypress_runner.js:132448:16)\n    at tryCatcher (http://localhost:38103/__cypress/runner/cypress_runner.js:167415:23)\n    at Promise._settlePromiseFromHandler (http://localhost:38103/__cypress/runner/cypress_runner.js:165351:31)\n    at Promise._settlePromise (http://localhost:38103/__cypress/runner/cypress_runner.js:165408:18)\n    at Promise._settlePromise0 (http://localhost:38103/__cypress/runner/cypress_runner.js:165453:10)\n    at Promise._settlePromises (http://localhost:38103/__cypress/runner/cypress_runner.js:165528:18)\n    at Async../node_modules/bluebird/js/release/async.js.Async._drainQueue (http://localhost:38103/__cypress/runner/cypress_runner.js:162140:16)\n    at Async../node_modules/bluebird/js/release/async.js.Async._drainQueues (http://localhost:38103/__cypress/runner/cypress_runner.js:162150:10)\n    at Async.drainQueues (http://localhost:38103/__cypress/runner/cypress_runner.js:162024:14)",
                "diff": null
              },
              "uuid": "1cb9c128-468a-4486-b0ce-5e540de11a42",
              "parentUUID": "691bea97-bbbe-4790-9107-893a4cd96857",
              "isHook": false,
              "skipped": false
            },
            {
              "title": "Verifica se a altura do board é 50 quando um valor maior é colocado no input",
              "fullTitle": "11 - Limite o tamanho mínimo e máximo do board. Verifica se a altura do board é 50 quando um valor maior é colocado no input",
              "timedOut": null,
              "duration": 4267,
              "state": "failed",
              "speed": null,
              "pass": false,
              "fail": true,
              "pending": false,
              "context": null,
              "code": "cy.get('#board-size').clear().type(51);\ncy.get('#generate-board').click();\ncy.get('.pixel').should('have.length', 2500);",
              "err": {
                "message": "CypressError: Timed out retrying: Expected to find element: '#board-size', but never found it.",
                "estack": "CypressError: Timed out retrying: Expected to find element: '#board-size', but never found it.\n    at cypressErr (http://localhost:38103/__cypress/runner/cypress_runner.js:149934:9)\n    at throwErr (http://localhost:38103/__cypress/runner/cypress_runner.js:149867:11)\n    at Object.throwErrByPath (http://localhost:38103/__cypress/runner/cypress_runner.js:149915:3)\n    at retry (http://localhost:38103/__cypress/runner/cypress_runner.js:144197:19)\n    at onFailFn (http://localhost:38103/__cypress/runner/cypress_runner.js:132448:16)\n    at tryCatcher (http://localhost:38103/__cypress/runner/cypress_runner.js:167415:23)\n    at Promise._settlePromiseFromHandler (http://localhost:38103/__cypress/runner/cypress_runner.js:165351:31)\n    at Promise._settlePromise (http://localhost:38103/__cypress/runner/cypress_runner.js:165408:18)\n    at Promise._settlePromise0 (http://localhost:38103/__cypress/runner/cypress_runner.js:165453:10)\n    at Promise._settlePromises (http://localhost:38103/__cypress/runner/cypress_runner.js:165528:18)\n    at Async../node_modules/bluebird/js/release/async.js.Async._drainQueue (http://localhost:38103/__cypress/runner/cypress_runner.js:162140:16)\n    at Async../node_modules/bluebird/js/release/async.js.Async._drainQueues (http://localhost:38103/__cypress/runner/cypress_runner.js:162150:10)\n    at Async.drainQueues (http://localhost:38103/__cypress/runner/cypress_runner.js:162024:14)",
                "diff": null
              },
              "uuid": "88330025-5d90-4f05-ad48-8f1f11e76dd1",
              "parentUUID": "691bea97-bbbe-4790-9107-893a4cd96857",
              "isHook": false,
              "skipped": false
            }
          ],
          "suites": [],
          "passes": [],
          "failures": [
            "8db71bd5-0a3b-4bf1-979f-0837faf82e52",
            "1cb9c128-468a-4486-b0ce-5e540de11a42",
            "88330025-5d90-4f05-ad48-8f1f11e76dd1"
          ],
          "pending": [],
          "skipped": [],
          "duration": 12758,
          "root": false,
          "rootEmpty": false,
          "_timeout": 2000
        },
        {
          "uuid": "f9a4a15b-3dda-473b-b29c-65bff9971b96",
          "title": "12 - Faça com que as cores da paleta sejam geradas aleatoriamente ao carregar a página.",
          "fullFile": "",
          "file": "",
          "beforeHooks": [],
          "afterHooks": [],
          "tests": [
            {
              "title": "Verifica se as cores geradas na paleta são diferentes a cada carregamento da página",
              "fullTitle": "12 - Faça com que as cores da paleta sejam geradas aleatoriamente ao carregar a página. Verifica se as cores geradas na paleta são diferentes a cada carregamento da página",
              "timedOut": null,
              "duration": 4314,
              "state": "failed",
              "speed": null,
              "pass": false,
              "fail": true,
              "pending": false,
              "context": null,
              "code": "cy.get('.color').then(function (colors) {\n  var currentColors;\n  var previousColors;\n  previousColors = Array.from(colors).map(function (color) {\n    return Cypress.$(color).css('background-color');\n  });\n  for (var i = 0; i < 5; i += 1) {\n    cy.reload();\n    cy.get('.color').then(function (colors) {\n      currentColors = Array.from(colors).map(function (color) {\n        return Cypress.$(color).css('background-color');\n      });\n      expect(currentColors).not.to.deep.equal(previousColors);\n      previousColors = currentColors;\n    });\n  }\n});",
              "err": {
                "message": "CypressError: Timed out retrying: Expected to find element: '.color', but never found it.",
                "estack": "CypressError: Timed out retrying: Expected to find element: '.color', but never found it.\n    at cypressErr (http://localhost:38103/__cypress/runner/cypress_runner.js:149934:9)\n    at throwErr (http://localhost:38103/__cypress/runner/cypress_runner.js:149867:11)\n    at Object.throwErrByPath (http://localhost:38103/__cypress/runner/cypress_runner.js:149915:3)\n    at retry (http://localhost:38103/__cypress/runner/cypress_runner.js:144197:19)\n    at onFailFn (http://localhost:38103/__cypress/runner/cypress_runner.js:132448:16)\n    at tryCatcher (http://localhost:38103/__cypress/runner/cypress_runner.js:167415:23)\n    at Promise._settlePromiseFromHandler (http://localhost:38103/__cypress/runner/cypress_runner.js:165351:31)\n    at Promise._settlePromise (http://localhost:38103/__cypress/runner/cypress_runner.js:165408:18)\n    at Promise._settlePromise0 (http://localhost:38103/__cypress/runner/cypress_runner.js:165453:10)\n    at Promise._settlePromises (http://localhost:38103/__cypress/runner/cypress_runner.js:165528:18)\n    at Async../node_modules/bluebird/js/release/async.js.Async._drainQueue (http://localhost:38103/__cypress/runner/cypress_runner.js:162140:16)\n    at Async../node_modules/bluebird/js/release/async.js.Async._drainQueues (http://localhost:38103/__cypress/runner/cypress_runner.js:162150:10)\n    at Async.drainQueues (http://localhost:38103/__cypress/runner/cypress_runner.js:162024:14)",
                "diff": null
              },
              "uuid": "61486a7a-7045-413b-8f1d-a15dd81e6f4e",
              "parentUUID": "f9a4a15b-3dda-473b-b29c-65bff9971b96",
              "isHook": false,
              "skipped": false
            },
            {
              "title": "Verifica se a cor preta ainda está presente e é a primeira na sua paleta de cores",
              "fullTitle": "12 - Faça com que as cores da paleta sejam geradas aleatoriamente ao carregar a página. Verifica se a cor preta ainda está presente e é a primeira na sua paleta de cores",
              "timedOut": null,
              "duration": 4264,
              "state": "failed",
              "speed": null,
              "pass": false,
              "fail": true,
              "pending": false,
              "context": null,
              "code": "cy.get('.color').then(function (colors) {\n  var currentColors;\n  var previousColors;\n  previousColors = Array.from(colors).map(function (color) {\n    return Cypress.$(color).css('background-color');\n  });\n  expect(previousColors[0]).to.eq(BLACK);\n  for (var i = 0; i < 5; i += 1) {\n    cy.reload();\n    cy.get('.color').then(function (colors) {\n      currentColors = Array.from(colors).map(function (color) {\n        return Cypress.$(color).css('background-color');\n      });\n      expect(currentColors[0]).to.eq(BLACK);\n      expect(currentColors).not.to.deep.equal(previousColors);\n      previousColors = currentColors;\n    });\n  }\n});",
              "err": {
                "message": "CypressError: Timed out retrying: Expected to find element: '.color', but never found it.",
                "estack": "CypressError: Timed out retrying: Expected to find element: '.color', but never found it.\n    at cypressErr (http://localhost:38103/__cypress/runner/cypress_runner.js:149934:9)\n    at throwErr (http://localhost:38103/__cypress/runner/cypress_runner.js:149867:11)\n    at Object.throwErrByPath (http://localhost:38103/__cypress/runner/cypress_runner.js:149915:3)\n    at retry (http://localhost:38103/__cypress/runner/cypress_runner.js:144197:19)\n    at onFailFn (http://localhost:38103/__cypress/runner/cypress_runner.js:132448:16)\n    at tryCatcher (http://localhost:38103/__cypress/runner/cypress_runner.js:167415:23)\n    at Promise._settlePromiseFromHandler (http://localhost:38103/__cypress/runner/cypress_runner.js:165351:31)\n    at Promise._settlePromise (http://localhost:38103/__cypress/runner/cypress_runner.js:165408:18)\n    at Promise._settlePromise0 (http://localhost:38103/__cypress/runner/cypress_runner.js:165453:10)\n    at Promise._settlePromises (http://localhost:38103/__cypress/runner/cypress_runner.js:165528:18)\n    at Async../node_modules/bluebird/js/release/async.js.Async._drainQueue (http://localhost:38103/__cypress/runner/cypress_runner.js:162140:16)\n    at Async../node_modules/bluebird/js/release/async.js.Async._drainQueues (http://localhost:38103/__cypress/runner/cypress_runner.js:162150:10)\n    at Async.drainQueues (http://localhost:38103/__cypress/runner/cypress_runner.js:162024:14)",
                "diff": null
              },
              "uuid": "19b90795-8e36-4d72-9edf-74a23ddc35c5",
              "parentUUID": "f9a4a15b-3dda-473b-b29c-65bff9971b96",
              "isHook": false,
              "skipped": false
            }
          ],
          "suites": [],
          "passes": [],
          "failures": [
            "61486a7a-7045-413b-8f1d-a15dd81e6f4e",
            "19b90795-8e36-4d72-9edf-74a23ddc35c5"
          ],
          "pending": [],
          "skipped": [],
          "duration": 8578,
          "root": false,
          "rootEmpty": false,
          "_timeout": 2000
        }
      ],
      "passes": [],
      "failures": [],
      "pending": [],
      "skipped": [],
      "duration": 0,
      "root": true,
      "rootEmpty": true,
      "_timeout": 2000
    }
  ],
  "meta": {
    "mocha": {
      "version": "7.0.1"
    },
    "mochawesome": {
      "options": {
        "quiet": false,
        "reportFilename": "mochawesome",
        "saveHtml": false,
        "saveJson": true,
        "consoleReporter": "spec",
        "useInlineDiffs": false
      },
      "version": "4.1.0"
    },
    "marge": {
      "options": {
        "id": "default",
        "reportDir": "cypress/reports",
        "overwrite": true,
        "html": false,
        "json": true
      },
      "version": "4.1.0"
    }
  }
}